<?xml version="1.0" encoding="UTF-8"?>
<testng-results ignored="0" total="2" passed="1" failed="1" skipped="0">
  <reporter-output>
  </reporter-output>
  <suite started-at="2021-08-23T11:41:08 IST" name="Default suite" finished-at="2021-08-23T11:41:25 IST" duration-ms="17605">
    <groups>
      <group name="cucumber">
        <method signature="AbstractTestNGCucumberTests.runScenario(io.cucumber.testng.PickleWrapper, io.cucumber.testng.FeatureWrapper)[pri:0, instance:com.productsup.runner.CucumberRunner@4b2c5e02]" name="runScenario" class="io.cucumber.testng.AbstractTestNGCucumberTests"/>
      </group> <!-- cucumber -->
    </groups>
    <test started-at="2021-08-23T11:41:08 IST" name="Default test" finished-at="2021-08-23T11:41:25 IST" duration-ms="17605">
      <class name="com.productsup.runner.CucumberRunner">
        <test-method is-config="true" signature="setUp()[pri:0, instance:com.productsup.runner.CucumberRunner@4b2c5e02]" started-at="2021-08-23T11:41:06 IST" name="setUp" finished-at="2021-08-23T11:41:08 IST" duration-ms="2193" status="PASS">
          <reporter-output>
          </reporter-output>
        </test-method> <!-- setUp -->
        <test-method is-config="true" signature="setUpClass()[pri:0, instance:com.productsup.runner.CucumberRunner@4b2c5e02]" started-at="2021-08-23T11:41:08 IST" name="setUpClass" finished-at="2021-08-23T11:41:10 IST" duration-ms="2524" status="PASS">
          <reporter-output>
          </reporter-output>
        </test-method> <!-- setUpClass -->
        <test-method signature="runScenario(io.cucumber.testng.PickleWrapper, io.cucumber.testng.FeatureWrapper)[pri:0, instance:com.productsup.runner.CucumberRunner@4b2c5e02]" started-at="2021-08-23T11:41:10 IST" name="runScenario" description="Runs Cucumber Scenarios" data-provider="scenarios" finished-at="2021-08-23T11:41:21 IST" duration-ms="10208" status="FAIL">
          <params>
            <param index="0">
              <value>
                <![CDATA["Get List of users"]]>
              </value>
            </param>
            <param index="1">
              <value>
                <![CDATA["Optional[Sample API File]"]]>
              </value>
            </param>
          </params>
          <exception class="java.lang.AssertionError">
            <message>
              <![CDATA[expected [15] but found [12]]]>
            </message>
            <full-stacktrace>
              <![CDATA[java.lang.AssertionError: expected [15] but found [12]
at org.testng.Assert.fail(Assert.java:97)
at org.testng.Assert.assertEqualsImpl(Assert.java:136)
at org.testng.Assert.assertEquals(Assert.java:118)
at org.testng.Assert.assertEquals(Assert.java:575)
at org.testng.Assert.assertEquals(Assert.java:585)
at com.productup.stepdefinitions.ReusableSteps.in_response_body_should_be(ReusableSteps.java:71)
at âœ½."total" in response body should be "15"(file:///C:/Users/Logins/eclipse-workspace/APIAutomationPOC/src/test/resources/Features/demo.feature:7)
]]>
            </full-stacktrace>
          </exception> <!-- java.lang.AssertionError -->
          <reporter-output>
          </reporter-output>
        </test-method> <!-- runScenario -->
        <test-method signature="runScenario(io.cucumber.testng.PickleWrapper, io.cucumber.testng.FeatureWrapper)[pri:0, instance:com.productsup.runner.CucumberRunner@4b2c5e02]" started-at="2021-08-23T11:41:21 IST" name="runScenario" description="Runs Cucumber Scenarios" data-provider="scenarios" finished-at="2021-08-23T11:41:22 IST" duration-ms="1009" status="PASS">
          <params>
            <param index="0">
              <value>
                <![CDATA["Creating a new user via API"]]>
              </value>
            </param>
            <param index="1">
              <value>
                <![CDATA["Optional[Sample API File]"]]>
              </value>
            </param>
          </params>
          <reporter-output>
          </reporter-output>
        </test-method> <!-- runScenario -->
        <test-method is-config="true" signature="tearDownClass()[pri:0, instance:com.productsup.runner.CucumberRunner@4b2c5e02]" started-at="2021-08-23T11:41:22 IST" name="tearDownClass" finished-at="2021-08-23T11:41:25 IST" duration-ms="3730" status="PASS">
          <reporter-output>
          </reporter-output>
        </test-method> <!-- tearDownClass -->
      </class> <!-- com.productsup.runner.CucumberRunner -->
    </test> <!-- Default test -->
  </suite> <!-- Default suite -->
</testng-results>
