<?xml version="1.0" encoding="UTF-8"?>
<!-- Generated by org.testng.reporters.JUnitReportReporter -->
<testsuite hostname="Logins" failures="1" tests="2" name="com.productsup.runner.CucumberRunner" time="11.217" errors="0" timestamp="2021-08-23T11:41:26 IST" skipped="0">
  <testcase classname="com.productsup.runner.CucumberRunner" name="runScenario" time="10.208">
    <failure message="expected [15] but found [12]" type="java.lang.AssertionError">
      <![CDATA[java.lang.AssertionError: expected [15] but found [12]
at org.testng.Assert.fail(Assert.java:97)
at org.testng.Assert.assertEqualsImpl(Assert.java:136)
at org.testng.Assert.assertEquals(Assert.java:118)
at org.testng.Assert.assertEquals(Assert.java:575)
at org.testng.Assert.assertEquals(Assert.java:585)
at com.productup.stepdefinitions.ReusableSteps.in_response_body_should_be(ReusableSteps.java:71)
at âœ½."total" in response body should be "15"(file:///C:/Users/Logins/eclipse-workspace/APIAutomationPOC/src/test/resources/Features/demo.feature:7)
]]>
    </failure>
  </testcase> <!-- runScenario -->
  <system-out/>
  <testcase classname="com.productsup.runner.CucumberRunner" name="runScenario" time="1.009"/>
  <system-out/>
</testsuite> <!-- com.productsup.runner.CucumberRunner -->
